     5>D:\projects\2024-misis-fall\misis2024f-24-01-kuleshevskiy-a-e\prj.check\prj.check\doctest_arrayd\doctest_arrayd.cpp(3,10): error C1083: Cannot open include file: 'arrayd/arrayd.hpp': No such file or directory [D:\projects\2024-misis-fall\misis2024f-24-01-kuleshevskiy-a-e\build.check\prj.check\prj.check\doctest_arrayd\doctest_arrayd.vcxproj]
    14>D:\projects\2024-misis-fall\misis2024f-24-01-kuleshevskiy-a-e\prj.check\prj.check\doctest_arrayt\doctest_arrayt.cpp(3,10): error C1083: Cannot open include file: 'arrayt/arrayt.hpp': No such file or directory [D:\projects\2024-misis-fall\misis2024f-24-01-kuleshevskiy-a-e\build.check\prj.check\prj.check\doctest_arrayt\doctest_arrayt.vcxproj]
