    10>D:\projects\misis2024f-check\misis2024f-24-01-kuleshevskiy-a-e\prj.check\prj.check\doctest_complex\doctest_complex.cpp(21,3): error C2678: бинарный "==": не найден оператор, принимающий левый операнд типа "Complex" (или приемлемое преобразование отсутствует) [D:\projects\misis2024f-check\misis2024f-24-01-kuleshevskiy-a-e\build.check\prj.check\prj.check\doctest_complex\doctest_complex.vcxproj]
    10>D:\projects\misis2024f-check\misis2024f-24-01-kuleshevskiy-a-e\prj.check\prj.check\doctest_complex\doctest_complex.cpp(22,3): error C2678: бинарный "==": не найден оператор, принимающий левый операнд типа "Complex" (или приемлемое преобразование отсутствует) [D:\projects\misis2024f-check\misis2024f-24-01-kuleshevskiy-a-e\build.check\prj.check\prj.check\doctest_complex\doctest_complex.vcxproj]
    10>D:\projects\misis2024f-check\misis2024f-24-01-kuleshevskiy-a-e\prj.check\prj.check\doctest_complex\doctest_complex.cpp(28,3): error C2678: бинарный "==": не найден оператор, принимающий левый операнд типа "Complex" (или приемлемое преобразование отсутствует) [D:\projects\misis2024f-check\misis2024f-24-01-kuleshevskiy-a-e\build.check\prj.check\prj.check\doctest_complex\doctest_complex.vcxproj]
    10>D:\projects\misis2024f-check\misis2024f-24-01-kuleshevskiy-a-e\prj.check\prj.check\doctest_complex\doctest_complex.cpp(34,3): error C2678: бинарный "!=": не найден оператор, принимающий левый операнд типа "Complex" (или приемлемое преобразование отсутствует) [D:\projects\misis2024f-check\misis2024f-24-01-kuleshevskiy-a-e\build.check\prj.check\prj.check\doctest_complex\doctest_complex.vcxproj]
    10>D:\projects\misis2024f-check\misis2024f-24-01-kuleshevskiy-a-e\prj.check\prj.check\doctest_complex\doctest_complex.cpp(36,3): error C2678: бинарный "==": не найден оператор, принимающий левый операнд типа "Complex" (или приемлемое преобразование отсутствует) [D:\projects\misis2024f-check\misis2024f-24-01-kuleshevskiy-a-e\build.check\prj.check\prj.check\doctest_complex\doctest_complex.vcxproj]
    10>D:\projects\misis2024f-check\misis2024f-24-01-kuleshevskiy-a-e\prj.check\prj.check\doctest_complex\doctest_complex.cpp(38,3): error C2678: бинарный "!=": не найден оператор, принимающий левый операнд типа "Complex" (или приемлемое преобразование отсутствует) [D:\projects\misis2024f-check\misis2024f-24-01-kuleshevskiy-a-e\build.check\prj.check\prj.check\doctest_complex\doctest_complex.vcxproj]
    10>D:\projects\misis2024f-check\misis2024f-24-01-kuleshevskiy-a-e\prj.check\prj.check\doctest_complex\doctest_complex.cpp(42,3): error C2678: бинарный "==": не найден оператор, принимающий левый операнд типа "Complex" (или приемлемое преобразование отсутствует) [D:\projects\misis2024f-check\misis2024f-24-01-kuleshevskiy-a-e\build.check\prj.check\prj.check\doctest_complex\doctest_complex.vcxproj]
    10>D:\projects\misis2024f-check\misis2024f-24-01-kuleshevskiy-a-e\prj.check\prj.check\doctest_complex\doctest_complex.cpp(43,3): error C2678: бинарный "==": не найден оператор, принимающий левый операнд типа "Complex" (или приемлемое преобразование отсутствует) [D:\projects\misis2024f-check\misis2024f-24-01-kuleshevskiy-a-e\build.check\prj.check\prj.check\doctest_complex\doctest_complex.vcxproj]
    10>D:\projects\misis2024f-check\misis2024f-24-01-kuleshevskiy-a-e\prj.check\prj.check\doctest_complex\doctest_complex.cpp(44,3): error C2678: бинарный "==": не найден оператор, принимающий левый операнд типа "Complex" (или приемлемое преобразование отсутствует) [D:\projects\misis2024f-check\misis2024f-24-01-kuleshevskiy-a-e\build.check\prj.check\prj.check\doctest_complex\doctest_complex.vcxproj]
    10>D:\projects\misis2024f-check\misis2024f-24-01-kuleshevskiy-a-e\prj.check\prj.check\doctest_complex\doctest_complex.cpp(45,3): error C2678: бинарный "==": не найден оператор, принимающий левый операнд типа "Complex" (или приемлемое преобразование отсутствует) [D:\projects\misis2024f-check\misis2024f-24-01-kuleshevskiy-a-e\build.check\prj.check\prj.check\doctest_complex\doctest_complex.vcxproj]
    10>D:\projects\misis2024f-check\misis2024f-24-01-kuleshevskiy-a-e\prj.check\prj.check\doctest_complex\doctest_complex.cpp(46,3): error C2678: бинарный "==": не найден оператор, принимающий левый операнд типа "Complex" (или приемлемое преобразование отсутствует) [D:\projects\misis2024f-check\misis2024f-24-01-kuleshevskiy-a-e\build.check\prj.check\prj.check\doctest_complex\doctest_complex.vcxproj]
    10>D:\projects\misis2024f-check\misis2024f-24-01-kuleshevskiy-a-e\prj.check\prj.check\doctest_complex\doctest_complex.cpp(47,3): error C2678: бинарный "==": не найден оператор, принимающий левый операнд типа "Complex" (или приемлемое преобразование отсутствует) [D:\projects\misis2024f-check\misis2024f-24-01-kuleshevskiy-a-e\build.check\prj.check\prj.check\doctest_complex\doctest_complex.vcxproj]
    10>D:\projects\misis2024f-check\misis2024f-24-01-kuleshevskiy-a-e\prj.check\prj.check\doctest_complex\doctest_complex.cpp(48,3): error C2678: бинарный "==": не найден оператор, принимающий левый операнд типа "Complex" (или приемлемое преобразование отсутствует) [D:\projects\misis2024f-check\misis2024f-24-01-kuleshevskiy-a-e\build.check\prj.check\prj.check\doctest_complex\doctest_complex.vcxproj]
    10>D:\projects\misis2024f-check\misis2024f-24-01-kuleshevskiy-a-e\prj.check\prj.check\doctest_complex\doctest_complex.cpp(49,3): error C2678: бинарный "==": не найден оператор, принимающий левый операнд типа "Complex" (или приемлемое преобразование отсутствует) [D:\projects\misis2024f-check\misis2024f-24-01-kuleshevskiy-a-e\build.check\prj.check\prj.check\doctest_complex\doctest_complex.vcxproj]
    10>D:\projects\misis2024f-check\misis2024f-24-01-kuleshevskiy-a-e\prj.check\prj.check\doctest_complex\doctest_complex.cpp(50,3): error C2678: бинарный "==": не найден оператор, принимающий левый операнд типа "Complex" (или приемлемое преобразование отсутствует) [D:\projects\misis2024f-check\misis2024f-24-01-kuleshevskiy-a-e\build.check\prj.check\prj.check\doctest_complex\doctest_complex.vcxproj]
    10>D:\projects\misis2024f-check\misis2024f-24-01-kuleshevskiy-a-e\prj.check\prj.check\doctest_complex\doctest_complex.cpp(51,3): error C2678: бинарный "==": не найден оператор, принимающий левый операнд типа "Complex" (или приемлемое преобразование отсутствует) [D:\projects\misis2024f-check\misis2024f-24-01-kuleshevskiy-a-e\build.check\prj.check\prj.check\doctest_complex\doctest_complex.vcxproj]
    10>D:\projects\misis2024f-check\misis2024f-24-01-kuleshevskiy-a-e\prj.check\prj.check\doctest_complex\doctest_complex.cpp(52,3): error C2678: бинарный "==": не найден оператор, принимающий левый операнд типа "Complex" (или приемлемое преобразование отсутствует) [D:\projects\misis2024f-check\misis2024f-24-01-kuleshevskiy-a-e\build.check\prj.check\prj.check\doctest_complex\doctest_complex.vcxproj]
    10>D:\projects\misis2024f-check\misis2024f-24-01-kuleshevskiy-a-e\prj.check\prj.check\doctest_complex\doctest_complex.cpp(53,3): error C2678: бинарный "==": не найден оператор, принимающий левый операнд типа "Complex" (или приемлемое преобразование отсутствует) [D:\projects\misis2024f-check\misis2024f-24-01-kuleshevskiy-a-e\build.check\prj.check\prj.check\doctest_complex\doctest_complex.vcxproj]
    10>D:\projects\misis2024f-check\misis2024f-24-01-kuleshevskiy-a-e\prj.check\prj.check\doctest_complex\doctest_complex.cpp(54,3): error C2678: бинарный "==": не найден оператор, принимающий левый операнд типа "Complex" (или приемлемое преобразование отсутствует) [D:\projects\misis2024f-check\misis2024f-24-01-kuleshevskiy-a-e\build.check\prj.check\prj.check\doctest_complex\doctest_complex.vcxproj]
    10>D:\projects\misis2024f-check\misis2024f-24-01-kuleshevskiy-a-e\prj.check\prj.check\doctest_complex\doctest_complex.cpp(58,3): error C2678: бинарный "!=": не найден оператор, принимающий левый операнд типа "Complex" (или приемлемое преобразование отсутствует) [D:\projects\misis2024f-check\misis2024f-24-01-kuleshevskiy-a-e\build.check\prj.check\prj.check\doctest_complex\doctest_complex.vcxproj]
    10>D:\projects\misis2024f-check\misis2024f-24-01-kuleshevskiy-a-e\prj.check\prj.check\doctest_complex\doctest_complex.cpp(59,3): error C2678: бинарный "!=": не найден оператор, принимающий левый операнд типа "Complex" (или приемлемое преобразование отсутствует) [D:\projects\misis2024f-check\misis2024f-24-01-kuleshevskiy-a-e\build.check\prj.check\prj.check\doctest_complex\doctest_complex.vcxproj]
    10>D:\projects\misis2024f-check\misis2024f-24-01-kuleshevskiy-a-e\prj.check\prj.check\doctest_complex\doctest_complex.cpp(60,3): error C2678: бинарный "!=": не найден оператор, принимающий левый операнд типа "Complex" (или приемлемое преобразование отсутствует) [D:\projects\misis2024f-check\misis2024f-24-01-kuleshevskiy-a-e\build.check\prj.check\prj.check\doctest_complex\doctest_complex.vcxproj]
    10>D:\projects\misis2024f-check\misis2024f-24-01-kuleshevskiy-a-e\prj.check\prj.check\doctest_complex\doctest_complex.cpp(61,3): error C2678: бинарный "!=": не найден оператор, принимающий левый операнд типа "Complex" (или приемлемое преобразование отсутствует) [D:\projects\misis2024f-check\misis2024f-24-01-kuleshevskiy-a-e\build.check\prj.check\prj.check\doctest_complex\doctest_complex.vcxproj]
    10>D:\projects\misis2024f-check\misis2024f-24-01-kuleshevskiy-a-e\prj.check\prj.check\doctest_complex\doctest_complex.cpp(65,3): error C2678: бинарный "==": не найден оператор, принимающий левый операнд типа "Complex" (или приемлемое преобразование отсутствует) [D:\projects\misis2024f-check\misis2024f-24-01-kuleshevskiy-a-e\build.check\prj.check\prj.check\doctest_complex\doctest_complex.vcxproj]
    10>D:\projects\misis2024f-check\misis2024f-24-01-kuleshevskiy-a-e\prj.check\prj.check\doctest_complex\doctest_complex.cpp(66,3): error C2678: бинарный "==": не найден оператор, принимающий левый операнд типа "Complex" (или приемлемое преобразование отсутствует) [D:\projects\misis2024f-check\misis2024f-24-01-kuleshevskiy-a-e\build.check\prj.check\prj.check\doctest_complex\doctest_complex.vcxproj]
    10>D:\projects\misis2024f-check\misis2024f-24-01-kuleshevskiy-a-e\prj.check\prj.check\doctest_complex\doctest_complex.cpp(70,3): error C2678: бинарный "==": не найден оператор, принимающий левый операнд типа "Complex" (или приемлемое преобразование отсутствует) [D:\projects\misis2024f-check\misis2024f-24-01-kuleshevskiy-a-e\build.check\prj.check\prj.check\doctest_complex\doctest_complex.vcxproj]
    10>D:\projects\misis2024f-check\misis2024f-24-01-kuleshevskiy-a-e\prj.check\prj.check\doctest_complex\doctest_complex.cpp(74,3): error C2678: бинарный "==": не найден оператор, принимающий левый операнд типа "Complex" (или приемлемое преобразование отсутствует) [D:\projects\misis2024f-check\misis2024f-24-01-kuleshevskiy-a-e\build.check\prj.check\prj.check\doctest_complex\doctest_complex.vcxproj]
    10>D:\projects\misis2024f-check\misis2024f-24-01-kuleshevskiy-a-e\prj.check\prj.check\doctest_complex\doctest_complex.cpp(75,3): error C2678: бинарный "==": не найден оператор, принимающий левый операнд типа "Complex" (или приемлемое преобразование отсутствует) [D:\projects\misis2024f-check\misis2024f-24-01-kuleshevskiy-a-e\build.check\prj.check\prj.check\doctest_complex\doctest_complex.vcxproj]
    10>D:\projects\misis2024f-check\misis2024f-24-01-kuleshevskiy-a-e\prj.check\prj.check\doctest_complex\doctest_complex.cpp(76,3): error C2678: бинарный "==": не найден оператор, принимающий левый операнд типа "Complex" (или приемлемое преобразование отсутствует) [D:\projects\misis2024f-check\misis2024f-24-01-kuleshevskiy-a-e\build.check\prj.check\prj.check\doctest_complex\doctest_complex.vcxproj]
    10>D:\projects\misis2024f-check\misis2024f-24-01-kuleshevskiy-a-e\prj.check\prj.check\doctest_complex\doctest_complex.cpp(77,3): error C2678: бинарный "==": не найден оператор, принимающий левый операнд типа "Complex" (или приемлемое преобразование отсутствует) [D:\projects\misis2024f-check\misis2024f-24-01-kuleshevskiy-a-e\build.check\prj.check\prj.check\doctest_complex\doctest_complex.vcxproj]
    10>D:\projects\misis2024f-check\misis2024f-24-01-kuleshevskiy-a-e\prj.check\prj.check\doctest_complex\doctest_complex.cpp(81,3): error C2679: бинарный "+": не найден оператор, принимающий правый операнд типа "int" (или приемлемое преобразование отсутствует) [D:\projects\misis2024f-check\misis2024f-24-01-kuleshevskiy-a-e\build.check\prj.check\prj.check\doctest_complex\doctest_complex.vcxproj]
    10>D:\projects\misis2024f-check\misis2024f-24-01-kuleshevskiy-a-e\prj.check\prj.check\doctest_complex\doctest_complex.cpp(82,3): error C2678: бинарный "==": не найден оператор, принимающий левый операнд типа "Complex" (или приемлемое преобразование отсутствует) [D:\projects\misis2024f-check\misis2024f-24-01-kuleshevskiy-a-e\build.check\prj.check\prj.check\doctest_complex\doctest_complex.vcxproj]
    10>D:\projects\misis2024f-check\misis2024f-24-01-kuleshevskiy-a-e\prj.check\prj.check\doctest_complex\doctest_complex.cpp(83,3): error C2678: бинарный "==": не найден оператор, принимающий левый операнд типа "Complex" (или приемлемое преобразование отсутствует) [D:\projects\misis2024f-check\misis2024f-24-01-kuleshevskiy-a-e\build.check\prj.check\prj.check\doctest_complex\doctest_complex.vcxproj]
    10>D:\projects\misis2024f-check\misis2024f-24-01-kuleshevskiy-a-e\prj.check\prj.check\doctest_complex\doctest_complex.cpp(87,3): error C2678: бинарный "==": не найден оператор, принимающий левый операнд типа "Complex" (или приемлемое преобразование отсутствует) [D:\projects\misis2024f-check\misis2024f-24-01-kuleshevskiy-a-e\build.check\prj.check\prj.check\doctest_complex\doctest_complex.vcxproj]
    10>D:\projects\misis2024f-check\misis2024f-24-01-kuleshevskiy-a-e\prj.check\prj.check\doctest_complex\doctest_complex.cpp(88,3): error C2678: бинарный "==": не найден оператор, принимающий левый операнд типа "Complex" (или приемлемое преобразование отсутствует) [D:\projects\misis2024f-check\misis2024f-24-01-kuleshevskiy-a-e\build.check\prj.check\prj.check\doctest_complex\doctest_complex.vcxproj]
    10>D:\projects\misis2024f-check\misis2024f-24-01-kuleshevskiy-a-e\prj.check\prj.check\doctest_complex\doctest_complex.cpp(89,3): error C2678: бинарный "==": не найден оператор, принимающий левый операнд типа "Complex" (или приемлемое преобразование отсутствует) [D:\projects\misis2024f-check\misis2024f-24-01-kuleshevskiy-a-e\build.check\prj.check\prj.check\doctest_complex\doctest_complex.vcxproj]
    10>D:\projects\misis2024f-check\misis2024f-24-01-kuleshevskiy-a-e\prj.check\prj.check\doctest_complex\doctest_complex.cpp(93,3): error C2679: бинарный "-": не найден оператор, принимающий правый операнд типа "int" (или приемлемое преобразование отсутствует) [D:\projects\misis2024f-check\misis2024f-24-01-kuleshevskiy-a-e\build.check\prj.check\prj.check\doctest_complex\doctest_complex.vcxproj]
    10>D:\projects\misis2024f-check\misis2024f-24-01-kuleshevskiy-a-e\prj.check\prj.check\doctest_complex\doctest_complex.cpp(94,3): error C2678: бинарный "-": не найден оператор, принимающий левый операнд типа "int" (или приемлемое преобразование отсутствует) [D:\projects\misis2024f-check\misis2024f-24-01-kuleshevskiy-a-e\build.check\prj.check\prj.check\doctest_complex\doctest_complex.vcxproj]
    10>D:\projects\misis2024f-check\misis2024f-24-01-kuleshevskiy-a-e\prj.check\prj.check\doctest_complex\doctest_complex.cpp(95,3): error C2678: бинарный "==": не найден оператор, принимающий левый операнд типа "Complex" (или приемлемое преобразование отсутствует) [D:\projects\misis2024f-check\misis2024f-24-01-kuleshevskiy-a-e\build.check\prj.check\prj.check\doctest_complex\doctest_complex.vcxproj]
    10>D:\projects\misis2024f-check\misis2024f-24-01-kuleshevskiy-a-e\prj.check\prj.check\doctest_complex\doctest_complex.cpp(96,3): error C2678: бинарный "==": не найден оператор, принимающий левый операнд типа "Complex" (или приемлемое преобразование отсутствует) [D:\projects\misis2024f-check\misis2024f-24-01-kuleshevskiy-a-e\build.check\prj.check\prj.check\doctest_complex\doctest_complex.vcxproj]
    10>D:\projects\misis2024f-check\misis2024f-24-01-kuleshevskiy-a-e\prj.check\prj.check\doctest_complex\doctest_complex.cpp(100,3): error C2679: бинарный "*=": не найден оператор, принимающий правый операнд типа "int" (или приемлемое преобразование отсутствует) [D:\projects\misis2024f-check\misis2024f-24-01-kuleshevskiy-a-e\build.check\prj.check\prj.check\doctest_complex\doctest_complex.vcxproj]
    10>D:\projects\misis2024f-check\misis2024f-24-01-kuleshevskiy-a-e\prj.check\prj.check\doctest_complex\doctest_complex.cpp(101,3): error C2678: бинарный "==": не найден оператор, принимающий левый операнд типа "Complex" (или приемлемое преобразование отсутствует) [D:\projects\misis2024f-check\misis2024f-24-01-kuleshevskiy-a-e\build.check\prj.check\prj.check\doctest_complex\doctest_complex.vcxproj]
    10>D:\projects\misis2024f-check\misis2024f-24-01-kuleshevskiy-a-e\prj.check\prj.check\doctest_complex\doctest_complex.cpp(102,3): error C2678: бинарный "==": не найден оператор, принимающий левый операнд типа "Complex" (или приемлемое преобразование отсутствует) [D:\projects\misis2024f-check\misis2024f-24-01-kuleshevskiy-a-e\build.check\prj.check\prj.check\doctest_complex\doctest_complex.vcxproj]
    10>D:\projects\misis2024f-check\misis2024f-24-01-kuleshevskiy-a-e\prj.check\prj.check\doctest_complex\doctest_complex.cpp(106,3): error C2679: бинарный "*": не найден оператор, принимающий правый операнд типа "int" (или приемлемое преобразование отсутствует) [D:\projects\misis2024f-check\misis2024f-24-01-kuleshevskiy-a-e\build.check\prj.check\prj.check\doctest_complex\doctest_complex.vcxproj]
    10>D:\projects\misis2024f-check\misis2024f-24-01-kuleshevskiy-a-e\prj.check\prj.check\doctest_complex\doctest_complex.cpp(107,3): error C2678: бинарный "*": не найден оператор, принимающий левый операнд типа "double" (или приемлемое преобразование отсутствует) [D:\projects\misis2024f-check\misis2024f-24-01-kuleshevskiy-a-e\build.check\prj.check\prj.check\doctest_complex\doctest_complex.vcxproj]
    10>D:\projects\misis2024f-check\misis2024f-24-01-kuleshevskiy-a-e\prj.check\prj.check\doctest_complex\doctest_complex.cpp(108,3): error C2678: бинарный "==": не найден оператор, принимающий левый операнд типа "Complex" (или приемлемое преобразование отсутствует) [D:\projects\misis2024f-check\misis2024f-24-01-kuleshevskiy-a-e\build.check\prj.check\prj.check\doctest_complex\doctest_complex.vcxproj]
    10>D:\projects\misis2024f-check\misis2024f-24-01-kuleshevskiy-a-e\prj.check\prj.check\doctest_complex\doctest_complex.cpp(112,3): error C2676: бинарный "/=": "Complex" не определяет этот оператор или преобразование к типу приемлемо к встроенному оператору [D:\projects\misis2024f-check\misis2024f-24-01-kuleshevskiy-a-e\build.check\prj.check\prj.check\doctest_complex\doctest_complex.vcxproj]
    10>D:\projects\misis2024f-check\misis2024f-24-01-kuleshevskiy-a-e\prj.check\prj.check\doctest_complex\doctest_complex.cpp(113,3): error C2676: бинарный "/=": "Complex" не определяет этот оператор или преобразование к типу приемлемо к встроенному оператору [D:\projects\misis2024f-check\misis2024f-24-01-kuleshevskiy-a-e\build.check\prj.check\prj.check\doctest_complex\doctest_complex.vcxproj]
    10>D:\projects\misis2024f-check\misis2024f-24-01-kuleshevskiy-a-e\prj.check\prj.check\doctest_complex\doctest_complex.cpp(114,3): error C2676: бинарный "/=": "Complex" не определяет этот оператор или преобразование к типу приемлемо к встроенному оператору [D:\projects\misis2024f-check\misis2024f-24-01-kuleshevskiy-a-e\build.check\prj.check\prj.check\doctest_complex\doctest_complex.vcxproj]
    10>D:\projects\misis2024f-check\misis2024f-24-01-kuleshevskiy-a-e\prj.check\prj.check\doctest_complex\doctest_complex.cpp(114,3): error C2676: бинарный "/": "Complex" не определяет этот оператор или преобразование к типу приемлемо к встроенному оператору [D:\projects\misis2024f-check\misis2024f-24-01-kuleshevskiy-a-e\build.check\prj.check\prj.check\doctest_complex\doctest_complex.vcxproj]
    10>D:\projects\misis2024f-check\misis2024f-24-01-kuleshevskiy-a-e\prj.check\prj.check\doctest_complex\doctest_complex.cpp(119,3): error C2676: бинарный "/": "Complex" не определяет этот оператор или преобразование к типу приемлемо к встроенному оператору [D:\projects\misis2024f-check\misis2024f-24-01-kuleshevskiy-a-e\build.check\prj.check\prj.check\doctest_complex\doctest_complex.vcxproj]
    10>D:\projects\misis2024f-check\misis2024f-24-01-kuleshevskiy-a-e\prj.check\prj.check\doctest_complex\doctest_complex.cpp(120,3): error C2677: бинарный "/": не найден глобальный оператор, принимающий тип "Complex" (или приемлемое преобразование отсутствует) [D:\projects\misis2024f-check\misis2024f-24-01-kuleshevskiy-a-e\build.check\prj.check\prj.check\doctest_complex\doctest_complex.vcxproj]
    10>D:\projects\misis2024f-check\misis2024f-24-01-kuleshevskiy-a-e\prj.check\prj.check\doctest_complex\doctest_complex.cpp(121,3): error C2676: бинарный "/": "Complex" не определяет этот оператор или преобразование к типу приемлемо к встроенному оператору [D:\projects\misis2024f-check\misis2024f-24-01-kuleshevskiy-a-e\build.check\prj.check\prj.check\doctest_complex\doctest_complex.vcxproj]
    10>D:\projects\misis2024f-check\misis2024f-24-01-kuleshevskiy-a-e\prj.check\prj.check\doctest_complex\doctest_complex.cpp(123,3): error C2676: бинарный "/": "Complex" не определяет этот оператор или преобразование к типу приемлемо к встроенному оператору [D:\projects\misis2024f-check\misis2024f-24-01-kuleshevskiy-a-e\build.check\prj.check\prj.check\doctest_complex\doctest_complex.vcxproj]
    10>D:\projects\misis2024f-check\misis2024f-24-01-kuleshevskiy-a-e\prj.check\prj.check\doctest_complex\doctest_complex.cpp(123,3): error C2672: "doctest::detail::ResultBuilder::binary_assert": не найдена соответствующая перегруженная функция [D:\projects\misis2024f-check\misis2024f-24-01-kuleshevskiy-a-e\build.check\prj.check\prj.check\doctest_complex\doctest_complex.vcxproj]
     9>D:\projects\misis2024f-check\misis2024f-24-01-kuleshevskiy-a-e\prj.check\prj.check\doctest_complex\doctest_complex_io.cpp(46,3): error C2678: бинарный "==": не найден оператор, принимающий левый операнд типа "Complex" (или приемлемое преобразование отсутствует) [D:\projects\misis2024f-check\misis2024f-24-01-kuleshevskiy-a-e\build.check\prj.check\prj.check\doctest_complex\doctest_complex_io.vcxproj]
